2025-07-03 15:18:28 | --- SCRIPT START (v6.1) ---
2025-07-03 15:18:28 | Job Path: /downloads/complete/Mystery.at.Blind.Frog.Ranch.S05E03.Spies.in.the.Skies.1080p.AMZN.WEB-DL.DDP2.0.H.264-RAWR.1
2025-07-03 15:18:28 | Category: tv
2025-07-03 15:18:28 | Found video file: /downloads/complete/Mystery.at.Blind.Frog.Ranch.S05E03.Spies.in.the.Skies.1080p.AMZN.WEB-DL.DDP2.0.H.264-RAWR.1/Mystery.at.Blind.Frog.Ranch.S05E03.Spies.in.the.Skies.1080p.AMZN.WEB-DL.DDP2.0.H.264-RAWR.mkv
2025-07-03 15:18:28 | Detected format: Container=mkv, Video=h264, Audio=eac3
2025-07-03 15:18:28 | File requires transcoding.
2025-07-03 15:18:28 | Output will be written to: /downloads/complete/Mystery.at.Blind.Frog.Ranch.S05E03.Spies.in.the.Skies.1080p.AMZN.WEB-DL.DDP2.0.H.264-RAWR.1/Mystery.at.Blind.Frog.Ranch.S05E03.Spies.in.the.Skies.1080p.AMZN.WEB-DL.DDP2.0.H.264-RAWR.mp4 (via /downloads/complete/Mystery.at.Blind.Frog.Ranch.S05E03.Spies.in.the.Skies.1080p.AMZN.WEB-DL.DDP2.0.H.264-RAWR.1/Mystery.at.Blind.Frog.Ranch.S05E03.Spies.in.the.Skies.1080p.AMZN.WEB-DL.DDP2.0.H.264-RAWR.mp4.tmp)
2025-07-03 15:18:28 | Verifying remote GPU host connectivity...
2025-07-03 15:18:28 | Remote GPU host is reachable.
2025-07-03 15:18:28 | Audio is 'eac3'. It will be transcoded to AAC.
2025-07-03 15:18:28 | Streaming to 192.168.7.16 for GPU transcoding...
2025-07-03 15:18:28 | Executing remote command over SSH: ffmpeg -hide_banner -v error -y -i - -map 0:v:0 -map 0:a:0 -c:v h264_nvenc -preset p4 -profile:v high -level:v 4.0 -pix_fmt yuv420p -vf scale=w='if(gt(iw,1920),1920,iw)':h='if(gt(ih,1080),1080,ih)':force_original_aspect_ratio=decrease -rc:v vbr_hq -b:v 6M -maxrate:v 8M -bufsize:v 16M -c:a aac -ac 2 -b:a 192k -movflags frag_keyframe+empty_moov -f mp4 - -progress pipe:2
2025-07-03 15:20:36 | Transcoding completed successfully.
2025-07-03 15:20:36 | Original file removed.
2025-07-03 15:20:36 | Notifying media servers...
2025-07-03 15:20:36 | Triggering Sonarr scan.
2025-07-03 15:20:36 | Triggering Plex library scan for section: 2
2025-07-03 15:20:36 | --- SCRIPT END (SUCCESS) ---
2025-07-03 15:30:36 | --- SCRIPT START (v6.1) ---
2025-07-03 15:30:36 | Job Path: /downloads/complete/Mystery.at.Blind.Frog.Ranch.S05E02.1080p.WEB.h264-FREQUENCY
2025-07-03 15:30:36 | Category: tv
2025-07-03 15:30:36 | Found video file: /downloads/complete/Mystery.at.Blind.Frog.Ranch.S05E02.1080p.WEB.h264-FREQUENCY/Mystery.at.Blind.Frog.Ranch.S05E02.1080p.WEB.h264-FREQUENCY.mkv
2025-07-03 15:30:37 | Detected format: Container=mkv, Video=h264, Audio=aac
2025-07-03 15:30:37 | File requires transcoding.
2025-07-03 15:30:37 | Output will be written to: /downloads/complete/Mystery.at.Blind.Frog.Ranch.S05E02.1080p.WEB.h264-FREQUENCY/Mystery.at.Blind.Frog.Ranch.S05E02.1080p.WEB.h264-FREQUENCY.mp4 (via /downloads/complete/Mystery.at.Blind.Frog.Ranch.S05E02.1080p.WEB.h264-FREQUENCY/Mystery.at.Blind.Frog.Ranch.S05E02.1080p.WEB.h264-FREQUENCY.mp4.tmp)
2025-07-03 15:30:37 | Verifying remote GPU host connectivity...
2025-07-03 15:30:37 | Remote GPU host is reachable.
2025-07-03 15:30:37 | Audio is AAC stereo. Stream will be copied.
2025-07-03 15:30:37 | Streaming to 192.168.7.16 for GPU transcoding...
2025-07-03 15:30:37 | Executing remote command over SSH: ffmpeg -hide_banner -v error -y -i - -map 0:v:0 -map 0:a:0 -c:v h264_nvenc -preset p4 -profile:v high -level:v 4.0 -pix_fmt yuv420p -vf scale=w='if(gt(iw,1920),1920,iw)':h='if(gt(ih,1080),1080,ih)':force_original_aspect_ratio=decrease -rc:v vbr_hq -b:v 6M -maxrate:v 8M -bufsize:v 16M -c:a copy -movflags frag_keyframe+empty_moov -f mp4 - -progress pipe:2
2025-07-03 15:32:46 | Transcoding completed successfully.
2025-07-03 15:32:46 | Original file removed.
2025-07-03 15:32:46 | Notifying media servers...
2025-07-03 15:32:46 | Triggering Sonarr scan.
2025-07-03 15:32:46 | Triggering Plex library scan for section: 2
2025-07-03 15:32:46 | --- SCRIPT END (SUCCESS) ---
2025-07-03 15:39:05 | ==============================================================================
2025-07-03 15:39:05 | --- SCRIPT START (v6.3) | Thu Jul  3 15:39:05 UTC 2025
2025-07-03 15:39:05 | ==============================================================================
2025-07-03 15:39:05 | Job Path: /downloads/complete/The.Secret.of.Skinwalker.Ranch.S06E01.Bubble.Trouble.REPACK.1080p.HULU.WEB-DL.AAC2.0.H.264-RAWR
2025-07-03 15:39:05 | Category: tv
2025-07-03 15:39:05 | Found video file: /downloads/complete/The.Secret.of.Skinwalker.Ranch.S06E01.Bubble.Trouble.REPACK.1080p.HULU.WEB-DL.AAC2.0.H.264-RAWR/The.Secret.of.Skinwalker.Ranch.S06E01.Bubble.Trouble.REPACK.1080p.HULU.WEB-DL.AAC2.0.H.264-RAWR.mkv
2025-07-03 15:39:05 | Detected format: Container=mkv, Video=h264, Audio=aac
2025-07-03 15:39:05 | File requires transcoding.
2025-07-03 15:39:05 | Output will be written to: /downloads/complete/The.Secret.of.Skinwalker.Ranch.S06E01.Bubble.Trouble.REPACK.1080p.HULU.WEB-DL.AAC2.0.H.264-RAWR/The.Secret.of.Skinwalker.Ranch.S06E01.Bubble.Trouble.REPACK.1080p.HULU.WEB-DL.AAC2.0.H.264-RAWR.mp4 (via /downloads/complete/The.Secret.of.Skinwalker.Ranch.S06E01.Bubble.Trouble.REPACK.1080p.HULU.WEB-DL.AAC2.0.H.264-RAWR/The.Secret.of.Skinwalker.Ranch.S06E01.Bubble.Trouble.REPACK.1080p.HULU.WEB-DL.AAC2.0.H.264-RAWR.mp4.tmp)
2025-07-03 15:39:05 | Verifying remote GPU host connectivity...
2025-07-03 15:39:05 | Remote GPU host is reachable.
2025-07-03 15:39:05 | Audio is AAC stereo. Stream will be copied.
2025-07-03 15:39:05 | Streaming to 192.168.7.16 for GPU transcoding...
2025-07-03 15:39:05 | Executing remote command over SSH: ffmpeg -hide_banner -v error -y -i - -map 0:v:0 -map 0:a:0 -c:v h264_nvenc -preset p4 -profile:v high -level:v 4.0 -pix_fmt yuv420p -vf scale=w='if(gt(iw,1920),1920,iw)':h='if(gt(ih,1080),1080,ih)':force_original_aspect_ratio=decrease -rc:v vbr_hq -b:v 6M -maxrate:v 8M -bufsize:v 16M -c:a copy -movflags frag_keyframe+empty_moov -f mp4 - -progress pipe:2
2025-07-03 15:41:15 | Transcoding completed successfully.
2025-07-03 15:41:15 | Original file removed.
2025-07-03 15:41:15 | Notifying media servers...
2025-07-03 15:41:15 | Triggering Sonarr scan.
2025-07-03 15:41:15 | Triggering Plex library scan for section: 2
2025-07-03 15:41:15 | ==============================================================================
2025-07-03 15:41:16 | --- SCRIPT END (SUCCESS) ---
2025-07-03 15:41:16 | ==============================================================================
2025-07-03 15:45:42 | ==============================================================================
2025-07-03 15:45:42 | --- SCRIPT START (v6.4) | Thu Jul  3 15:45:42 UTC 2025
2025-07-03 15:45:42 | Job: The.Secret.of.Skinwalker.Ranch.S06E02.The.Drone.Zone.1080p.HULU.WEB-DL.AAC2.0.H.264-RAWR
2025-07-03 15:45:42 | ==============================================================================
2025-07-03 15:45:42 | Job Path: /downloads/complete/The.Secret.of.Skinwalker.Ranch.S06E02.The.Drone.Zone.1080p.HULU.WEB-DL.AAC2.0.H.264-RAWR
2025-07-03 15:45:42 | Category: tv
2025-07-03 15:45:42 | Found video file: /downloads/complete/The.Secret.of.Skinwalker.Ranch.S06E02.The.Drone.Zone.1080p.HULU.WEB-DL.AAC2.0.H.264-RAWR/The.Secret.of.Skinwalker.Ranch.S06E02.The.Drone.Zone.1080p.HULU.WEB-DL.AAC2.0.H.264-RAWR.mkv
2025-07-03 15:45:42 | Detected format: Container=mkv, Video=h264, Audio=aac
2025-07-03 15:45:42 | File requires transcoding.
2025-07-03 15:45:42 | Output will be written to: /downloads/complete/The.Secret.of.Skinwalker.Ranch.S06E02.The.Drone.Zone.1080p.HULU.WEB-DL.AAC2.0.H.264-RAWR/The.Secret.of.Skinwalker.Ranch.S06E02.The.Drone.Zone.1080p.HULU.WEB-DL.AAC2.0.H.264-RAWR.mp4 (via /downloads/complete/The.Secret.of.Skinwalker.Ranch.S06E02.The.Drone.Zone.1080p.HULU.WEB-DL.AAC2.0.H.264-RAWR/The.Secret.of.Skinwalker.Ranch.S06E02.The.Drone.Zone.1080p.HULU.WEB-DL.AAC2.0.H.264-RAWR.mp4.tmp)
2025-07-03 15:45:42 | Verifying remote GPU host connectivity...
2025-07-03 15:45:43 | Remote GPU host is reachable.
2025-07-03 15:45:43 | Audio is AAC stereo. Stream will be copied.
2025-07-03 15:45:43 | Streaming to 192.168.7.16 for GPU transcoding...
2025-07-03 15:45:43 | Executing remote command over SSH: ffmpeg -hide_banner -v error -y -i - -map 0:v:0 -map 0:a:0 -c:v h264_nvenc -preset p4 -profile:v high -level:v 4.0 -pix_fmt yuv420p -vf scale=w='if(gt(iw,1920),1920,iw)':h='if(gt(ih,1080),1080,ih)':force_original_aspect_ratio=decrease -rc:v vbr_hq -b:v 6M -maxrate:v 8M -bufsize:v 16M -c:a copy -movflags frag_keyframe+empty_moov -f mp4 - -progress pipe:2
2025-07-03 15:47:52 | Transcoding completed successfully.
2025-07-03 15:47:52 | Original file removed.
2025-07-03 15:47:52 | Notifying media servers...
2025-07-03 15:47:52 | Triggering Sonarr scan.
2025-07-03 15:47:52 | Triggering Plex library scan for section: 2
2025-07-03 15:47:52 | ==============================================================================
2025-07-03 15:47:52 | --- SCRIPT END (SUCCESS) ---
2025-07-03 15:47:52 | ==============================================================================
2025-07-03 16:22:39 | ==============================================================================
2025-07-03 16:22:39 | --- SCRIPT START (v6.5) | Thu Jul  3 16:22:39 UTC 2025
2025-07-03 16:22:39 | Job: The.Secret.of.Skinwalker.Ranch.S06E03.1080p.WEB.h264-EDITH
2025-07-03 16:22:39 | ==============================================================================
2025-07-03 16:22:39 | Job Path: /downloads/complete/The.Secret.of.Skinwalker.Ranch.S06E03.1080p.WEB.h264-EDITH
2025-07-03 16:22:39 | Category: tv
2025-07-03 16:22:39 | Found video file: /downloads/complete/The.Secret.of.Skinwalker.Ranch.S06E03.1080p.WEB.h264-EDITH/The.Secret.of.Skinwalker.Ranch.S06E03.1080p.WEB.h264-EDITH.mkv
2025-07-03 16:22:39 | Detected format: Container=mkv, Video=h264, Audio=aac
2025-07-03 16:22:39 | File requires transcoding.
2025-07-03 16:22:39 | Output will be written to: /downloads/complete/The.Secret.of.Skinwalker.Ranch.S06E03.1080p.WEB.h264-EDITH/The.Secret.of.Skinwalker.Ranch.S06E03.1080p.WEB.h264-EDITH.mp4 (via /downloads/complete/The.Secret.of.Skinwalker.Ranch.S06E03.1080p.WEB.h264-EDITH/The.Secret.of.Skinwalker.Ranch.S06E03.1080p.WEB.h264-EDITH.mp4.tmp)
2025-07-03 16:22:39 | Verifying remote GPU host connectivity...
2025-07-03 16:22:39 | FORCE_CPU_TRANSCODE enabled. Skipping GPU check and initiating CPU fallback.
2025-07-03 16:22:39 | --- CPU FALLBACK SCRIPT ACTIVATED ---
2025-07-03 16:22:39 | Job: The.Secret.of.Skinwalker.Ranch.S06E03.1080p.WEB.h264-EDITH
2025-07-03 16:22:39 | (CPU) Output will be written to: /downloads/complete/The.Secret.of.Skinwalker.Ranch.S06E03.1080p.WEB.h264-EDITH/The.Secret.of.Skinwalker.Ranch.S06E03.1080p.WEB.h264-EDITH.mp4 (via /downloads/complete/The.Secret.of.Skinwalker.Ranch.S06E03.1080p.WEB.h264-EDITH/The.Secret.of.Skinwalker.Ranch.S06E03.1080p.WEB.h264-EDITH.mp4.tmp)
2025-07-03 16:22:39 | (CPU) Starting CPU transcoding...
2025-07-03 16:22:39 | (CPU) Executing command: ffmpeg -hide_banner -v error -y -i "/downloads/complete/The.Secret.of.Skinwalker.Ranch.S06E03.1080p.WEB.h264-EDITH/The.Secret.of.Skinwalker.Ranch.S06E03.1080p.WEB.h264-EDITH.mkv" -map 0:v:0 -map 0:a:0 -c:v libx264 -preset "medium" -crf "22" -pix_fmt yuv420p -vf "scale=w='if(gt(iw,1920),1920,iw)':h='if(gt(ih,1080),1080,ih)':force_original_aspect_ratio=decrease" -c:a copy -movflags frag_keyframe+empty_moov -f mp4 "/downloads/complete/The.Secret.of.Skinwalker.Ranch.S06E03.1080p.WEB.h264-EDITH/The.Secret.of.Skinwalker.Ranch.S06E03.1080p.WEB.h264-EDITH.mp4.tmp" -progress "/tmp/tmp.6NT9i1DQaz"
