2025-07-04 05:49:44 | --- SCRIPT START (v3.0 Unified) ---
2025-07-04 05:49:44 | Job Name: The.Secret.of.Skinwalker.Ranch.S06E05.1080p.AV1.10bit-MeGusta
2025-07-04 05:49:44 | Job Path: /downloads/complete/The.Secret.of.Skinwalker.Ranch.S06E05.1080p.AV1.10bit-MeGusta
2025-07-04 05:49:44 | Category: tv
2025-07-04 05:49:44 | Found video file: /downloads/complete/The.Secret.of.Skinwalker.Ranch.S06E05.1080p.AV1.10bit-MeGusta/The.Secret.of.Skinwalker.Ranch.S06E05.1080p.AV1.10bit-MeGusta.mkv
2025-07-04 05:49:45 | Detected format: Container=mkv, Video=av1, Audio=aac
2025-07-04 05:49:45 | File requires transcoding.
2025-07-04 05:49:45 | File requires transcoding.
2025-07-04 05:49:45 | Attempting to create progress pipe: /config/scripts/transcode-to-mp4/logs/ffmpeg_progress_17986.pipe
2025-07-04 05:49:45 | FORCE_CPU_TRANSCODE is true. Skipping GPU host check.
2025-07-04 05:49:45 | Audio is AAC stereo. Stream will be copied.
2025-07-04 05:49:45 | Starting local CPU transcoding...
2025-07-04 05:49:45 | Using software encoding (libx264).
2025-07-04 05:49:45 | Creating ffmpeg log file: /config/scripts/transcode-to-mp4/logs/2025-07-04_05-49-44_The.Secret.of.Skinwalker.Ranch.S06E05.1080p.AV1.10_cpu.log
2025-07-04 05:49:45 | Executing ffmpeg...
2025-07-04 05:49:45 | ffmpeg process started with PID: 547
2025-07-04 07:22:43 | Transcoding completed successfully.
2025-07-04 07:22:43 | Original file removed.
2025-07-04 07:22:43 | Notifying media servers...
2025-07-04 07:22:43 | Triggering Sonarr scan.
2025-07-04 07:22:43 | Triggering Plex library scan for section: 2
2025-07-04 07:22:43 | --- SCRIPT END (SUCCESS) ---
